{"level":"info","message":"⌛ Building environment","timeElapsed":1455,"timestamp":"2024-10-08T23:31:57.101Z"}
{"level":"info","message":"onRequest - WORKSPACE_URI:file:///c%3A/Users/Usuario/Desktop/Algoritmos/Ejercicios/granjavilla-drimteam","timestamp":"2024-10-08T23:31:57.117Z"}
{"level":"info","message":"⌛ Building environment","timeElapsed":1128,"timestamp":"2024-10-08T23:31:58.266Z"}
{"level":"info","message":"⌛ Building environment","timeElapsed":901,"timestamp":"2024-10-08T23:31:59.172Z"}
{"level":"info","message":"⌛ Building environment","timeElapsed":776,"timestamp":"2024-10-08T23:31:59.966Z"}
{"level":"info","message":"⌛ Validating granjavilla/mainExample.wpgm","timeElapsed":1590,"timestamp":"2024-10-08T23:32:01.606Z"}
{"level":"info","message":"⌛ Building environment","timeElapsed":1207,"timestamp":"2024-10-08T23:32:02.817Z"}
{"level":"info","message":"⌛ Building environment","timeElapsed":843,"timestamp":"2024-10-08T23:32:03.667Z"}
{"level":"info","message":"⌛ Building environment","timeElapsed":1157,"timestamp":"2024-10-08T23:32:04.837Z"}
{"level":"info","message":"⌛ Building environment","timeElapsed":481,"timestamp":"2024-10-08T23:32:05.352Z"}
{"level":"info","message":"⌛ Validating granjavilla/GranjaVilla.wlk","timeElapsed":758,"timestamp":"2024-10-08T23:32:06.118Z"}
{"level":"info","message":"⌛ Building environment","timeElapsed":415,"timestamp":"2024-10-08T23:32:06.549Z"}
{"level":"info","message":"⌛ Building environment","timeElapsed":364,"timestamp":"2024-10-08T23:32:07.170Z"}
{"level":"info","message":"⌛ Building environment","timeElapsed":429,"timestamp":"2024-10-08T23:32:07.637Z"}
{"level":"info","message":"⌛ Validating granjavilla/testExample.wtest","timeElapsed":731,"timestamp":"2024-10-08T23:32:08.394Z"}
{"level":"info","message":"⌛ Building environment","timeElapsed":944,"timestamp":"2024-10-08T23:32:09.562Z"}
{"level":"info","message":"⌛ Building environment","timeElapsed":754,"timestamp":"2024-10-08T23:32:10.335Z"}
{"level":"info","message":"⌛ Building environment","timeElapsed":411,"timestamp":"2024-10-08T23:32:10.833Z"}
{"level":"info","message":"⌛ Building environment","timeElapsed":611,"timestamp":"2024-10-08T23:32:11.448Z"}
{"level":"info","message":"⌛ Building environment","timeElapsed":660,"timestamp":"2024-10-08T23:32:12.138Z"}
{"level":"info","message":"⌛ Validating granjavilla/mainExample.wpgm","timeElapsed":1118,"timestamp":"2024-10-08T23:32:13.281Z"}
{"level":"info","message":"⌛ Validating granjavilla/mainExample.wpgm","timeElapsed":1063,"timestamp":"2024-10-08T23:32:14.393Z"}
{"level":"info","message":"⌛ Validating granjavilla/mainExample.wpgm","timeElapsed":670,"timestamp":"2024-10-08T23:32:15.283Z"}
